<?xml version="1.0" encoding="UTF-8"?>
<!-- Generated by org.testng.reporters.JUnitXMLReporter -->
<testsuite ignored="4" hostname="hadhoud" failures="1" tests="5" name="Test" time="23.797" errors="0" timestamp="2023-12-04T19:28:22 GMT+01:00">
  <testcase classname="test.CompareProductTest" name="UserCanCompareProducts" time="16.656"/>
  <testcase classname="test.CompareProductTest" name="UserCanRemoveProduct" time="4.144"/>
  <testcase classname="test.CompareProductTest" name="UserCanClearCompareList" time="2.834"/>
  <testcase classname="test.ContactUsTest" name="UserCanUseContactUs" time="0.009">
    <failure type="java.lang.IllegalArgumentException" message="Driver must be set">
      <![CDATA[java.lang.IllegalArgumentException: Driver must be set
at org.openqa.selenium.internal.Require.nonNull(Require.java:60)
at org.openqa.selenium.interactions.Actions.<init>(Actions.java:58)
at pages.HomePage.<init>(HomePage.java:16)
at test.ContactUsTest.UserCanUseContactUs(ContactUsTest.java:21)
at java.base/java.util.ArrayList.forEach(ArrayList.java:1541)
... Removed 27 stack frames]]>
    </failure>
  </testcase> <!-- UserCanUseContactUs -->
  <testcase classname="test.SearchProductUsingAutosuggestTest" name="UserCanSearchWithAutoSuggest" time="0.005"/>
  <testcase classname="tests.TestBase" name="@AfterSuite stopDriver" time="0.0">
    <ignored/>
  </testcase> <!-- @AfterSuite stopDriver -->
  <testcase classname="tests.TestBase" name="@BeforeSuite startDriver" time="0.0">
    <ignored/>
  </testcase> <!-- @BeforeSuite startDriver -->
  <testcase classname="tests.TestBase" name="@BeforeSuite startDriver" time="0.0">
    <ignored/>
  </testcase> <!-- @BeforeSuite startDriver -->
  <testcase classname="tests.TestBase" name="@AfterSuite stopDriver" time="0.0">
    <ignored/>
  </testcase> <!-- @AfterSuite stopDriver -->
</testsuite> <!-- Test -->
